<?xml version="1.0" encoding="UTF-8"?>
<!-- Generated by org.testng.reporters.JUnitReportReporter -->
<testsuite hostname="Prateeks-PC" name="com.nopcommerce.test.TestCase" tests="4" failures="0" timestamp="16 Dec 2021 14:58:47 GMT" time="27.045" errors="0">
  <testcase name="TC_01" time="9.608" classname="com.nopcommerce.test.TestCase"/>
  <testcase name="TC_04" time="5.754" classname="com.nopcommerce.test.TestCase"/>
  <testcase name="TC_02" time="5.772" classname="com.nopcommerce.test.TestCase"/>
  <testcase name="TC_03" time="5.911" classname="com.nopcommerce.test.TestCase"/>
</testsuite> <!-- com.nopcommerce.test.TestCase -->
